c:\users\duehee\dropbox\starcomp\turk\visualstudio\release\turk\informationmanager.obj
c:\users\duehee\dropbox\starcomp\turk\visualstudio\release\turk\turk.obj
c:\users\duehee\dropbox\starcomp\turk\visualstudio\release\turk\commander.obj
c:\users\duehee\dropbox\starcomp\turk\visualstudio\release\turk\dll.obj
c:\users\duehee\dropbox\starcomp\turk\visualstudio\release\turk\scoutmanager.obj
c:\users\duehee\dropbox\starcomp\turk\visualstudio\release\turk\buildingmanager.obj
c:\users\duehee\dropbox\starcomp\turk\visualstudio\release\turk\vc120.pdb
c:\users\duehee\dropbox\starcomp\turk\bin\turk.dll
c:\users\duehee\dropbox\starcomp\turk\bin\turk.map
c:\users\duehee\dropbox\starcomp\turk\bin\turk.pdb
c:\users\duehee\dropbox\starcomp\turk\bin\turk.lib
c:\users\duehee\dropbox\starcomp\turk\bin\turk.exp
c:\users\duehee\dropbox\starcomp\turk\visualstudio\\..\bin\turk.pdb
c:\users\duehee\dropbox\starcomp\turk\visualstudio\\..\bin\turk.dll
c:\users\duehee\dropbox\starcomp\turk\visualstudio\release\turk\turk.tlog\cl.command.1.tlog
c:\users\duehee\dropbox\starcomp\turk\visualstudio\release\turk\turk.tlog\cl.read.1.tlog
c:\users\duehee\dropbox\starcomp\turk\visualstudio\release\turk\turk.tlog\cl.write.1.tlog
c:\users\duehee\dropbox\starcomp\turk\visualstudio\release\turk\turk.tlog\link.command.1.tlog
c:\users\duehee\dropbox\starcomp\turk\visualstudio\release\turk\turk.tlog\link.read.1.tlog
c:\users\duehee\dropbox\starcomp\turk\visualstudio\release\turk\turk.tlog\link.write.1.tlog
c:\users\duehee\dropbox\starcomp\turk\visualstudio\release\turk\turk.tlog\turk.write.1u.tlog
